<?xml version="1.0" encoding="UTF-8"?>
<testsuite name="GiftcardServiceTest" tests="1" skipped="0" failures="0" errors="0" timestamp="2022-09-19T17:15:08" hostname="DESKTOP-FN6A9EJ" time="0.97">
  <properties/>
  <testcase name="addWhenGiftcardExistsDoNotAdd()" classname="GiftcardServiceTest" time="0.97"/>
  <system-out><![CDATA[]]></system-out>
  <system-err><![CDATA[]]></system-err>
</testsuite>
